2017-12-22 15:47:39,346 INFO  [-->] Loading Property files 
2017-12-22 15:47:39,351 INFO  [-->] Loaded Property files successfully 
2017-12-22 15:47:39,351 INFO  [-->] Loading XLS Files 
2017-12-22 15:47:40,720 INFO  [-->] Loaded XLS Files successfully 
2017-12-22 15:47:40,721 INFO  [-->] Checking Runmode of HomePage suite 
2017-12-22 15:47:40,898 INFO  [-->] ================================ Executing QA_Search_admin_Firefox====================================================== 
2017-12-22 15:47:40,898 INFO  [-->] ================================================================================================================================================== 
2017-12-22 15:47:42,229 INFO  [-->] ================================ Executing QA_Search_admin_Chrome====================================================== 
2017-12-22 15:47:42,229 INFO  [-->] ================================================================================================================================================== 
2017-12-22 15:47:49,464 INFO  [FOUserAgent] Rendered page #1. 
2017-12-22 15:47:49,532 INFO  [FOUserAgent] Rendered page #2. 
2017-12-22 15:47:50,246 INFO  [FOUserAgent] Rendered page #1. 
2017-12-22 15:47:50,326 INFO  [FOUserAgent] Rendered page #2. 
2017-12-22 15:51:56,062 INFO  [-->] Loading Property files 
2017-12-22 15:51:56,063 INFO  [-->] Loaded Property files successfully 
2017-12-22 15:51:56,063 INFO  [-->] Loading XLS Files 
2017-12-22 15:51:57,250 INFO  [-->] Loaded XLS Files successfully 
2017-12-22 15:51:57,251 INFO  [-->] Checking Runmode of HomePage suite 
2017-12-22 15:51:57,436 INFO  [-->] ================================ Executing QA_Search_admin_Firefox====================================================== 
2017-12-22 15:51:57,436 INFO  [-->] ================================================================================================================================================== 
2017-12-22 15:51:58,028 INFO  [-->] ================================ Executing QA_Search_admin_Chrome====================================================== 
2017-12-22 15:51:58,029 INFO  [-->] ================================================================================================================================================== 
2017-12-22 15:52:02,260 INFO  [FOUserAgent] Rendered page #1. 
2017-12-22 15:52:02,358 INFO  [FOUserAgent] Rendered page #2. 
2017-12-22 15:52:03,149 INFO  [FOUserAgent] Rendered page #1. 
2017-12-22 15:52:03,238 INFO  [FOUserAgent] Rendered page #2. 
